{
  "stats": {
    "suites": 1,
    "tests": 1,
    "passes": 0,
    "pending": 0,
    "failures": 1,
    "start": "2019-05-21T14:22:27.795Z",
    "end": "2019-05-21T14:22:28.076Z",
    "duration": 281,
    "testsRegistered": 1,
    "passPercent": 0,
    "pendingPercent": 0,
    "other": 0,
    "hasOther": false,
    "skipped": 0,
    "hasSkipped": false,
    "passPercentClass": "danger",
    "pendingPercentClass": "danger"
  },
  "suites": {
    "uuid": "0cad7973-6d50-43e2-9773-4f3122e3ed60",
    "title": "",
    "fullFile": "",
    "file": "",
    "beforeHooks": [],
    "afterHooks": [],
    "tests": [],
    "suites": [
      {
        "uuid": "149d1e00-6b5a-445c-9ea2-ef746c627282",
        "title": "node接口",
        "fullFile": "/Users/ministar/Documents/code/coder/yideng/qa/tests/service/router.spec.js",
        "file": "/tests/service/router.spec.js",
        "beforeHooks": [],
        "afterHooks": [],
        "tests": [
          {
            "title": "test接口测试",
            "fullTitle": "node接口 test接口测试",
            "timedOut": false,
            "duration": 272,
            "state": "failed",
            "pass": false,
            "fail": true,
            "pending": false,
            "code": "axios.get(\"http://xcssss.com\")\n.then(function(response){\n    if(response.data.xx == \"\"){\n        done();\n    }else{\n        done(new Error(\"数据请求出错\"))\n    }\n}).catch(function(error){\n    done(error);\n})",
            "err": {
              "message": "Error: getaddrinfo ENOTFOUND xcssss.com xcssss.com:80",
              "estack": "Error: getaddrinfo ENOTFOUND xcssss.com xcssss.com:80\n    at errnoException (dns.js:53:10)\n    at GetAddrInfoReqWrap.onlookup [as oncomplete] (dns.js:95:26)"
            },
            "isRoot": false,
            "uuid": "9d19e340-6ed9-4e76-9e89-5893aeb03e9e",
            "isHook": false,
            "skipped": false
          }
        ],
        "suites": [],
        "passes": [],
        "failures": [
          "9d19e340-6ed9-4e76-9e89-5893aeb03e9e"
        ],
        "pending": [],
        "skipped": [],
        "duration": 272,
        "root": false,
        "rootEmpty": false,
        "_timeout": 2000
      }
    ],
    "passes": [],
    "failures": [],
    "pending": [],
    "skipped": [],
    "duration": 0,
    "root": true,
    "rootEmpty": true,
    "_timeout": 2000
  },
  "copyrightYear": 2019
}